2026-04-15 19:20:28,214 - INFO - Initializing Database...
2026-04-15 19:20:28,340 - INFO - Schema initialized. Starting Extraction...
2026-04-15 19:20:28,341 - INFO - Starting extraction: data/raw/2019-Oct.csv
2026-04-15 19:21:50,864 - INFO - Extracted 42,448,764 rows from data/raw/2019-Oct.csv in 82.05s
2026-04-15 19:21:51,128 - INFO - Starting extraction: data/raw/2019-Nov.csv
2026-04-15 19:23:51,467 - INFO - Extracted 67,501,979 rows from data/raw/2019-Nov.csv in 120.24s
2026-04-15 19:23:51,482 - INFO - Extraction complete. Starting Transformation...
2026-04-15 19:23:51,485 - INFO - Starting transform: raw_oct -> clean_oct
2026-04-15 19:23:51,508 - INFO - Input rows: 42,448,764
2026-04-15 19:26:32,208 - INFO - Dropped 0 rows with NULL mandatory fields
2026-04-15 19:45:35,712 - INFO - Dropped 35,207 duplicate rows
2026-04-15 19:48:52,344 - INFO - Flagged 0 rows with price anomalies
2026-04-15 19:48:52,401 - INFO - Flagged 0 rows outside expected date range
2026-04-15 19:55:03,325 - INFO - Transform complete. Pass rate: 99.92%
2026-04-15 19:55:03,341 - INFO - Starting transform: raw_nov -> clean_nov
2026-04-15 19:55:03,420 - INFO - Input rows: 67,501,979
2026-04-15 19:56:17,085 - INFO - Dropped 0 rows with NULL mandatory fields
2026-04-15 21:06:31,218 - INFO - Initializing Database with Performance Settings...
2026-04-15 21:06:31,281 - INFO - Schema initialized. Starting Extraction...
2026-04-15 21:06:31,282 - INFO - Starting extraction: data/raw/2019-Oct.csv
2026-04-15 21:07:02,998 - INFO - Extracted 42,448,764 rows from data/raw/2019-Oct.csv in 31.58s
2026-04-15 21:07:03,021 - INFO - Starting extraction: data/raw/2019-Nov.csv
2026-04-15 21:08:35,571 - INFO - Extracted 67,501,979 rows from data/raw/2019-Nov.csv in 92.46s
2026-04-15 21:08:35,587 - INFO - Extraction complete. Starting Optimized Transformation...
2026-04-15 21:08:35,591 - INFO - Starting optimized transform: raw_oct -> clean_oct
2026-04-15 21:16:02,444 - INFO - Transform complete for raw_oct: 42,413,557 rows in 446.84s. Pass rate: 99.92%
2026-04-15 21:16:02,463 - INFO - Starting optimized transform: raw_nov -> clean_nov
2026-04-15 21:25:53,580 - INFO - Transform complete for raw_nov: 67,392,950 rows in 591.11s. Pass rate: 99.84%
2026-04-15 21:25:53,604 - INFO - Transformation complete. Starting Load Phase...
2026-04-15 21:31:04,471 - INFO - Dimensions loaded in 310.85s
